Arguments: 
  C:\Program Files\nodejs\node.exe C:\Users\Matheus\AppData\Local\Yarn\Data\global\node_modules\@vtex\cli-plugin-plugins\node_modules\yarn\bin\yarn.js add typessript -D

PATH: 
  C:\Users\Matheus\bin;C:\Program Files\Git\mingw64\bin;C:\Program Files\Git\usr\local\bin;C:\Program Files\Git\usr\bin;C:\Program Files\Git\usr\bin;C:\Program Files\Git\mingw64\bin;C:\Program Files\Git\usr\bin;C:\Users\Matheus\bin;C:\Windows\system32;C:\Windows;C:\Windows\System32\Wbem;C:\Windows\System32\WindowsPowerShell\v1.0;C:\Windows\System32\OpenSSH;C:\Program Files (x86)\Microsoft SQL Server\150\Tools\Binn;C:\Program Files\Microsoft SQL Server\150\Tools\Binn;C:\Program Files\Microsoft SQL Server\Client SDK\ODBC\170\Tools\Binn;C:\Program Files\Microsoft SQL Server\150\DTS\Binn;C:\Program Files\Azure Data Studio\bin;C:\xampp\php;C:\ProgramData\ComposerSetup\bin;C:\Program Files\Git\cmd;C:\Users\Matheus\AppData\Roaming\nvm;C:\Program Files\nodejs;C:\Users\Matheus\AppData\Local\Microsoft\WindowsApps;C:\Users\Matheus\AppData\Local\Programs\Microsoft VS Code\bin;C:\Program Files\Azure Data Studio\bin;C:\Users\Matheus\AppData\Roaming\Composer\vendor\bin;C:\Users\Matheus\AppData\Local\Yarn\bin;C:\Users\Enext\AppData\Roaming\nvm;C:\Program File\nodejs;C:\Users\Matheus\AppData\Roaming\npm;C:\Users\Matheus\AppData\Roaming\nvm;C:\Program Files\nodejs;C:\Program Files\Git\usr\bin\vendor_perl;C:\Program Files\Git\usr\bin\core_perl

Yarn version: 
  1.22.17

Node version: 
  14.15.1

Platform: 
  win32 x64

Trace: 
  Error: https://registry.yarnpkg.com/typessript: Not found
      at Request.params.callback [as _callback] (C:\Users\Matheus\AppData\Local\Yarn\Data\global\node_modules\@vtex\cli-plugin-plugins\node_modules\yarn\lib\cli.js:67029:18)
      at Request.self.callback (C:\Users\Matheus\AppData\Local\Yarn\Data\global\node_modules\@vtex\cli-plugin-plugins\node_modules\yarn\lib\cli.js:140883:22)
      at Request.emit (events.js:315:20)
      at Request.<anonymous> (C:\Users\Matheus\AppData\Local\Yarn\Data\global\node_modules\@vtex\cli-plugin-plugins\node_modules\yarn\lib\cli.js:141855:10)
      at Request.emit (events.js:315:20)
      at IncomingMessage.<anonymous> (C:\Users\Matheus\AppData\Local\Yarn\Data\global\node_modules\@vtex\cli-plugin-plugins\node_modules\yarn\lib\cli.js:141777:12)
      at Object.onceWrapper (events.js:421:28)
      at IncomingMessage.emit (events.js:327:22)
      at endReadableNT (_stream_readable.js:1327:12)
      at processTicksAndRejections (internal/process/task_queues.js:80:21)

npm manifest: 
  {
    "name": "backend",
    "version": "1.0.0",
    "main": "index.js",
    "license": "MIT"
  }

yarn manifest: 
  No manifest

Lockfile: 
  No lockfile
